<?xml version="1.0" encoding="UTF-8"?>
<testsuite name="com.project.demo.rest.cloudinary.CloudinaryRestControllerTest" tests="1" skipped="0" failures="0" errors="0" timestamp="2025-08-10T21:12:18.780Z" hostname="MSI" time="0.131">
  <properties/>
  <testcase name="testGetAll_ReturnsOkAndMessage()" classname="com.project.demo.rest.cloudinary.CloudinaryRestControllerTest" time="0.131"/>
  <system-out><![CDATA[15:12:16.353 [Test worker] INFO org.springframework.test.context.support.AnnotationConfigContextLoaderUtils -- Could not detect default configuration classes for test class [com.project.demo.rest.cloudinary.CloudinaryRestControllerTest]: CloudinaryRestControllerTest does not declare any static, non-private, non-final, nested classes annotated with @Configuration.
15:12:16.469 [Test worker] INFO org.springframework.boot.test.context.SpringBootTestContextBootstrapper -- Found @SpringBootConfiguration com.project.demo.DemoApplication for test class com.project.demo.rest.cloudinary.CloudinaryRestControllerTest

  .   ____          _            __ _ _
 /\\ / ___'_ __ _ _(_)_ __  __ _ \ \ \ \
( ( )\___ | '_ | '_| | '_ \/ _` | \ \ \ \
 \\/  ___)| |_)| | | | | || (_| |  ) ) ) )
  '  |____| .__|_| |_|_| |_\__, | / / / /
 =========|_|==============|___/=/_/_/_/
 :: Spring Boot ::                (v3.2.5)

2025-08-10T15:12:16.791-06:00  INFO 14016 --- [demo] [    Test worker] c.p.d.r.c.CloudinaryRestControllerTest   : Starting CloudinaryRestControllerTest using Java 21.0.7 with PID 14016 (started by cleri in C:\Repo_3\PROYECTO3)
2025-08-10T15:12:16.792-06:00 DEBUG 14016 --- [demo] [    Test worker] c.p.d.r.c.CloudinaryRestControllerTest   : Running with Spring Boot v3.2.5, Spring v6.1.6
2025-08-10T15:12:16.793-06:00  INFO 14016 --- [demo] [    Test worker] c.p.d.r.c.CloudinaryRestControllerTest   : No active profile set, falling back to 1 default profile: "default"
2025-08-10T15:12:18.682-06:00  INFO 14016 --- [demo] [    Test worker] o.s.s.web.DefaultSecurityFilterChain     : Will secure any request with [org.springframework.security.web.session.DisableEncodeUrlFilter@4cc89246, org.springframework.security.web.context.request.async.WebAsyncManagerIntegrationFilter@413eaf5d, org.springframework.security.web.context.SecurityContextHolderFilter@5034681f, org.springframework.security.web.header.HeaderWriterFilter@68c4a860, org.springframework.web.filter.CorsFilter@3e28af44, org.springframework.security.web.csrf.CsrfFilter@2295566b, org.springframework.security.web.authentication.logout.LogoutFilter@5b88af70, org.springframework.security.oauth2.client.web.OAuth2AuthorizationRequestRedirectFilter@2fea9a7b, org.springframework.security.oauth2.client.web.OAuth2AuthorizationRequestRedirectFilter@27fc0217, org.springframework.security.oauth2.client.web.OAuth2LoginAuthenticationFilter@5cbe72b9, org.springframework.security.web.authentication.ui.DefaultLoginPageGeneratingFilter@237aa0c7, org.springframework.security.web.authentication.ui.DefaultLogoutPageGeneratingFilter@33891646, org.springframework.security.web.savedrequest.RequestCacheAwareFilter@1fe05fff, org.springframework.security.web.servletapi.SecurityContextHolderAwareRequestFilter@6e017950, org.springframework.security.web.authentication.AnonymousAuthenticationFilter@3bdbf8d3, org.springframework.security.oauth2.client.web.OAuth2AuthorizationCodeGrantFilter@c1a74d, org.springframework.security.web.access.ExceptionTranslationFilter@4ad8d36f, org.springframework.security.web.access.intercept.AuthorizationFilter@1e194966]
2025-08-10T15:12:18.740-06:00  INFO 14016 --- [demo] [    Test worker] o.s.b.t.m.w.SpringBootMockServletContext : Initializing Spring TestDispatcherServlet ''
2025-08-10T15:12:18.741-06:00  INFO 14016 --- [demo] [    Test worker] o.s.t.web.servlet.TestDispatcherServlet  : Initializing Servlet ''
2025-08-10T15:12:18.742-06:00  INFO 14016 --- [demo] [    Test worker] o.s.t.web.servlet.TestDispatcherServlet  : Completed initialization in 1 ms
2025-08-10T15:12:18.769-06:00  INFO 14016 --- [demo] [    Test worker] c.p.d.r.c.CloudinaryRestControllerTest   : Started CloudinaryRestControllerTest in 2.223 seconds (process running for 3.113)
2025-08-10T15:12:18.804-06:00 DEBUG 14016 --- [demo] [    Test worker] w.c.HttpSessionSecurityContextRepository : Created HttpSession as SecurityContext is non-default
2025-08-10T15:12:18.805-06:00 DEBUG 14016 --- [demo] [    Test worker] w.c.HttpSessionSecurityContextRepository : Stored SecurityContextImpl [Authentication=UsernamePasswordAuthenticationToken [Principal=org.springframework.security.core.userdetails.User [Username=user, Password=[PROTECTED], Enabled=true, AccountNonExpired=true, CredentialsNonExpired=true, AccountNonLocked=true, Granted Authorities=[ROLE_USER]], Credentials=[PROTECTED], Authenticated=true, Details=null, Granted Authorities=[ROLE_USER]]] to HttpSession [org.springframework.mock.web.MockHttpSession@7d4da729]
]]></system-out>
  <system-err><![CDATA[WARNING: A Java agent has been loaded dynamically (C:\Users\cleri\.gradle\caches\modules-2\files-2.1\net.bytebuddy\byte-buddy-agent\1.14.13\979ce25f7d3096a2e82214ba7dc972a05ce7a171\byte-buddy-agent-1.14.13.jar)
WARNING: If a serviceability tool is in use, please run with -XX:+EnableDynamicAgentLoading to hide this warning
WARNING: If a serviceability tool is not in use, please run with -Djdk.instrument.traceUsage for more information
WARNING: Dynamic loading of agents will be disallowed by default in a future release
]]></system-err>
</testsuite>
