<?xml version="1.0" encoding="UTF-8"?>
<testsuite name="FamilyTest" tests="3" skipped="0" failures="0" errors="0" timestamp="2025-08-04T22:28:36.842Z" hostname="MSI" time="0.023">
  <properties/>
  <testcase name="testToString()" classname="FamilyTest" time="0.017"/>
  <testcase name="testConstructorAndGetters()" classname="FamilyTest" time="0.003"/>
  <testcase name="testSetters()" classname="FamilyTest" time="0.001"/>
  <system-out><![CDATA[]]></system-out>
  <system-err><![CDATA[]]></system-err>
</testsuite>
